<?xml version="1.0" encoding="UTF-8"?>
<testng-results total="1" passed="1" failed="0" skipped="0">
  <reporter-output>
  </reporter-output>
  <suite started-at="2022-06-30T18:41:41Z" name="Default suite" finished-at="2022-06-30T18:41:41Z" duration-ms="55">
    <groups>
    </groups>
    <test started-at="2022-06-30T18:41:41Z" name="Default test" finished-at="2022-06-30T18:41:41Z" duration-ms="55">
      <class name="JustCoding.FileReading">
        <test-method signature="ArrayList()[pri:0, instance:JustCoding.FileReading@7d446ed1]" started-at="2022-07-01T00:11:41Z" name="ArrayList" finished-at="2022-07-01T00:11:41Z" duration-ms="20" status="PASS">
          <reporter-output>
          </reporter-output>
        </test-method> <!-- ArrayList -->
      </class> <!-- JustCoding.FileReading -->
    </test> <!-- Default test -->
  </suite> <!-- Default suite -->
</testng-results>
